2018-09-08 08:38:31,626 util.Log4JUtil                        INFO  - ****** JMRI log ******* [main]
2018-09-08 08:38:31,675 util.Log4JUtil                        INFO  - This log is appended to file: C:\Users\omcge_000\JMRI\log\messages.log [main]
2018-09-08 08:38:31,678 util.Log4JUtil                        INFO  - This log is stored in file: C:\Users\omcge_000\JMRI\log\session.log [main]
2018-09-08 08:38:31,688 apps.Apps                             INFO  - PanelPro version 4.13.2+R8a2b21d starts under Java 1.8.0_151 on Windows 10 amd64 v10.0 at Sat Sep 08 08:38:31 PDT 2018 [main]
2018-09-08 08:38:32,875 apps.Apps                             INFO  - Starting with profile Shasta_Ops.3e1cd780 [main]
2018-09-08 08:38:33,541 node.NodeIdentity                     INFO  - Using jmri-pacUab9nWhNiaa8lVszo6--3e1cd780 as the JMRI Node identity [AWT-EventQueue-0]
2018-09-08 08:38:33,787 xml.AbstractSerialConnectionConfigXml INFO  - Starting to connect for "C/MRI" [main]
2018-09-08 08:38:35,870 serialdriver.SerialDriverAdapter      INFO  - COM4 port opened at 19200 baud with DTR: true RTS: true DSR: false CTS: true  CD: false [main]
2018-09-08 08:38:35,997 xml.AbstractSerialConnectionConfigXml INFO  - Starting to connect for "NCE" [main]
2018-09-08 08:38:36,023 serialdriver.SerialDriverAdapter      INFO  - NCE COM5 port opened at 9600 baud [main]
2018-09-08 08:38:36,144 nce.NceConnectionStatus               INFO  - NCE EPROM revision = 6.2.2 [AWT-EventQueue-0]
2018-09-08 08:38:36,967 apps.PerformScriptModel               INFO  - Running script C:\Program Files (x86)\JMRI\jython\TurnOffXmlValidation.py [main]
2018-09-08 08:38:36,981 script.JmriScriptEngineManager        INFO  - python 2.7 is provided by jython 2.7.0 [main]
2018-09-08 08:38:36,985 script.JmriScriptEngineManager        INFO  - ECMAScript ECMA - 262 Edition 5.1 is provided by Oracle Nashorn 1.8.0_151 [main]
2018-09-08 08:38:44,979 apps.PerformScriptModel               INFO  - Running script C:\Users\omcge_000\SPShasta\userfiles\shasta_common_startup.py [main]
2018-09-08 08:39:22,073 implementation.DefaultRoute           WARN  - Reached maximum number of control Sensors for Route: IR HELIX LEVEL 2 T [AWT-EventQueue-0]
2018-09-08 08:39:22,076 implementation.DefaultRoute           WARN  - Reached maximum number of control Sensors for Route: IR HELIX LEVEL 2 T [AWT-EventQueue-0]
2018-09-08 08:39:22,079 implementation.DefaultRoute           WARN  - Reached maximum number of control Sensors for Route: IR HELIX LEVEL 3 T [AWT-EventQueue-0]
2018-09-08 08:39:22,080 implementation.DefaultRoute           WARN  - Reached maximum number of control Sensors for Route: IR HELIX LEVEL 3 T [AWT-EventQueue-0]
2018-09-08 08:39:22,081 implementation.DefaultRoute           WARN  - Reached maximum number of control Sensors for Route: IR HELIX LEVEL 4 T [AWT-EventQueue-0]
2018-09-08 08:39:22,082 implementation.DefaultRoute           WARN  - Reached maximum number of control Sensors for Route: IR HELIX LEVEL 4 T [AWT-EventQueue-0]
2018-09-08 08:39:24,187 util.FileUtilSupport                  INFO  - File path program: is C:\Program Files (x86)\JMRI\ [main]
2018-09-08 08:39:24,188 util.FileUtilSupport                  INFO  - File path preference: is C:\Users\omcge_000\SPShasta\userfiles\ [main]
2018-09-08 08:39:24,188 util.FileUtilSupport                  INFO  - File path profile: is C:\Users\omcge_000\SPShasta\profiles\Shasta_Ops\ [main]
2018-09-08 08:39:24,188 util.FileUtilSupport                  INFO  - File path settings: is C:\Users\omcge_000\JMRI\ [main]
2018-09-08 08:39:24,189 util.FileUtilSupport                  INFO  - File path home: is C:\Users\omcge_000\ [main]
2018-09-08 08:39:24,189 util.FileUtilSupport                  INFO  - File path scripts: is C:\Users\omcge_000\SPShasta\userfiles\ [main]
2018-09-08 08:39:24,921 PanelPro.PanelPro                     INFO  - Main initialization done [main]
2018-09-08 08:39:24,960 server.WebServer                      INFO  - Starting Web Server on port 12080 [WebServer]
2018-09-08 08:39:26,621 server.WebServer                      INFO  - Starting ZeroConfService _http._tcp.local for Web Server with properties {path=/, json=4.1} [WebServer]
2018-09-08 12:13:19,304 audio.JoalAudioFactory                INFO  - Initialised JOAL using OpenAL: vendor - OpenAL Community version - 1.1 ALSOFT 1.15.1 [Listed Table Generation]
2018-09-08 16:36:50,778 audio.DefaultAudioManager             INFO  - Shutting down active AudioFactory [AWT-EventQueue-0]
2018-09-08 16:36:50,778 server.WebServer                      INFO  - Stopping Web Server [ServerShutDownTask]
2018-09-08 16:36:57,559 managers.DefaultShutDownManager       INFO  - Normal termination complete [AWT-EventQueue-0]
